Build started 1/4/2019 3:46:39 PM.
Project "C:\GitHub\GripGraspISS\Source Code\ReleaseGrasp\ReleaseGrasp.vcxproj" on node 2 (build target(s)).
Build:
  nmake /NOLOGO ReleaseGrasp.training.mak
  	ReleaseGrasp.bat Training
  
  C:\GitHub\GripGraspISS\Source Code\ReleaseGrasp>setlocal
  
  C:\GitHub\GripGraspISS\Source Code\ReleaseGrasp>REM  
  
  C:\GitHub\GripGraspISS\Source Code\ReleaseGrasp>REM ReleaseGrasp.bat 
  
  C:\GitHub\GripGraspISS\Source Code\ReleaseGrasp>REM
  
  C:\GitHub\GripGraspISS\Source Code\ReleaseGrasp>REM A batch file that creates a tar archive with the GRASPonISS runtime installation. 
  
  C:\GitHub\GripGraspISS\Source Code\ReleaseGrasp>REM Create a file tag based on the compiled build date and time. 
  
  C:\GitHub\GripGraspISS\Source Code\ReleaseGrasp>REM The batch file  C:\DOCUME~1\psyphy\LOCALS~1\Temp\SetCommonTimestamp.bat was created by the CommonTimestamp project. 
  
  C:\GitHub\GripGraspISS\Source Code\ReleaseGrasp>REM We call it here to get the timestamp info that was compiled into the executables. 
  
  C:\GitHub\GripGraspISS\Source Code\ReleaseGrasp>call C:\DOCUME~1\psyphy\LOCALS~1\Temp\SetCommonTimestamp.bat 
  
  C:\GitHub\GripGraspISS\Source Code\ReleaseGrasp>set __COMMONTIMESTAMP__=2019-01-04 15h46m18s 
  
  C:\GitHub\GripGraspISS\Source Code\ReleaseGrasp>set TAG=(2019-01-04 15h46m18s) 
  
  C:\GitHub\GripGraspISS\Source Code\ReleaseGrasp>set ARCHIVE="..\GRASP Runtime Training (2019-01-04 15h46m18s).tar" 
  
  C:\GitHub\GripGraspISS\Source Code\ReleaseGrasp>echo Creating Grasp Runtime Release "..\GRASP Runtime Training (2019-01-04 15h46m18s).tar" 
  Creating Grasp Runtime Release "..\GRASP Runtime Training (2019-01-04 15h46m18s).tar"
  
  C:\GitHub\GripGraspISS\Source Code\ReleaseGrasp>set TAR=Utils\tar.exe 
  
  C:\GitHub\GripGraspISS\Source Code\ReleaseGrasp>set VERBOSE= 
  
  C:\GitHub\GripGraspISS\Source Code\ReleaseGrasp>REM This gets executed inside the Visual Studio project directory. We move to the GRASPonISS root directoy. 
  
  C:\GitHub\GripGraspISS\Source Code\ReleaseGrasp>pushd ..\.. 
  
  C:\GitHub\GripGraspISS>Utils\tar.exe --create  --file="..\GRASP Runtime Training (2019-01-04 15h46m18s).tar" RunGRASP.bat 
  
  C:\GitHub\GripGraspISS>if NOT Training == Training goto :NOTTRAINING 
  
  C:\GitHub\GripGraspISS>REM If we are creating a training version, then by default set for mirroring mode. 
  
  C:\GitHub\GripGraspISS>echo Enabling mirroring. 
  Enabling mirroring.
  
  C:\GitHub\GripGraspISS>echo "Mirroring on."  1>Mirroring.flg 
  
  C:\GitHub\GripGraspISS>Utils\tar.exe --append  --file="..\GRASP Runtime Training (2019-01-04 15h46m18s).tar" Mirroring.flg 
  
  C:\GitHub\GripGraspISS>echo chest  1>ChestAlignGaze.flg 
  
  C:\GitHub\GripGraspISS>Utils\tar.exe --append  --file="..\GRASP Runtime Training (2019-01-04 15h46m18s).tar" ChestAlignGaze.flg 
  
  C:\GitHub\GripGraspISS>REM Configure for EAC Codas and Marker Structures 
  
  C:\GitHub\GripGraspISS>copy /Y InitFiles\CodaRTnet.ini.TMa CodaRTnet.ini  
          1 fichier(s) copié(s).
  
  C:\GitHub\GripGraspISS>copy /Y Bdy\TrM\*.bdy Bdy 
  Bdy\TrM\Chest.bdy
  Bdy\TrM\ChestTilted.bdy
  Bdy\TrM\Hand.bdy
  Bdy\TrM\HMD.bdy
  Bdy\TrM\measuredChest.bdy
  Bdy\TrM\measuredHand.bdy
  Bdy\TrM\measuredHMD.bdy
          7 fichier(s) copié(s).
  
  C:\GitHub\GripGraspISS>goto :COMMON 
  
  C:\GitHub\GripGraspISS>Utils\tar.exe --append  --file="..\GRASP Runtime Training (2019-01-04 15h46m18s).tar" Bdy/* 
  
  C:\GitHub\GripGraspISS>Utils\tar.exe --append  --file="..\GRASP Runtime Training (2019-01-04 15h46m18s).tar" Bmp/* 
  
  C:\GitHub\GripGraspISS>Utils\tar.exe --append  --file="..\GRASP Runtime Training (2019-01-04 15h46m18s).tar" Executables/* 
  
  C:\GitHub\GripGraspISS>Utils\tar.exe --append  --file="..\GRASP Runtime Training (2019-01-04 15h46m18s).tar" Utils/* 
  
  C:\GitHub\GripGraspISS>Utils\tar.exe --append  --file="..\GRASP Runtime Training (2019-01-04 15h46m18s).tar" Instructions/* 
  
  C:\GitHub\GripGraspISS>Utils\tar.exe --append  --file="..\GRASP Runtime Training (2019-01-04 15h46m18s).tar" Scripts/* 
  
  C:\GitHub\GripGraspISS>Utils\tar.exe --append  --file="..\GRASP Runtime Training (2019-01-04 15h46m18s).tar" Sequences/* 
  
  C:\GitHub\GripGraspISS>Utils\tar.exe --append  --file="..\GRASP Runtime Training (2019-01-04 15h46m18s).tar" InitFiles/* 
  
  C:\GitHub\GripGraspISS>Utils\tar.exe --append  --file="..\GRASP Runtime Training (2019-01-04 15h46m18s).tar" Documentation/* 
  
  C:\GitHub\GripGraspISS>Utils\tar.exe --append  --file="..\GRASP Runtime Training (2019-01-04 15h46m18s).tar" CodaRTnet.ini 
  
  C:\GitHub\GripGraspISS>Utils\tar.exe --append  --file="..\GRASP Runtime Training (2019-01-04 15h46m18s).tar" Grasp.ini 
  
  C:\GitHub\GripGraspISS>REM Keep a record of releases. 
  
  C:\GitHub\GripGraspISS>echo "..\GRASP Runtime Training (2019-01-04 15h46m18s).tar"  1>>GripGraspReleases.log 
  
  C:\GitHub\GripGraspISS>echo "..\GRASP Runtime Training (2019-01-04 15h46m18s).tar"  1>>GraspReleases.log 
Done Building Project "C:\GitHub\GripGraspISS\Source Code\ReleaseGrasp\ReleaseGrasp.vcxproj" (build target(s)).

Build succeeded.

Time Elapsed 00:00:22.71
