"..\Grasp Debug (2016-06-25 07h44m34s).tar" 
"..\Grasp Debug (2016-06-25 08h06m19s).tar" 
"..\Grasp Debug (2016-06-25 08h14m32s).tar" 
"..\Grasp Debug (2016-06-25 08h21m13s).tar" 
"..\Grasp Release (2016-06-26 23h11m33s).tar" 
"..\Grasp Release (2016-06-26 23h24m43s).tar" 
"..\Grasp Release (2016-06-26 23h41m00s).tar" 
"..\Grasp Release (2016-06-26 23h42m43s).tar" 
"..\Grasp Draft (2016-06-28 07h00m52s).tar" 
"..\Grasp Release (2016-06-28 07h03m45s).tar" 
"..\Grasp Release (2016-06-28 07h05m28s).tar" 
"..\Grasp Release (2016-06-28 07h11m38s).tar" 
"..\Grasp Release (2016-06-28 07h16m55s).tar" 
"..\Grasp Draft (2016-07-17 11h54m53s).tar" 
"..\Grasp Draft (2016-07-17 12h02m35s).tar" 
"..\Grasp Draft (2016-07-17 12h04m13s).tar" 
"..\Grasp Draft (2016-07-17 12h04m41s).tar" 
"..\Grasp Draft (2016-07-18 16h08m37s).tar" 
"..\Grasp Draft (2016-07-18 16h10m09s).tar" 
"..\Grasp Draft (2016-07-18 16h16m36s).tar" 
"..\Grasp Draft (2016-07-19 10h12m31s).tar" 
"..\Grasp Draft (2016-07-25 08h11m10s).tar" 
"..\Grasp Draft (2016-07-25 08h44m56s).tar" released to CADMOS for installation on EAC laptop.
"..\Grasp Draft (2016-07-26 05h08m17s).tar" 
"..\Grasp Draft (2016-07-26 05h10m09s).tar" 
"..\Grasp Draft (2016-07-26 05h10m49s).tar" 
"..\Grasp Draft (2016-07-26 05h33m32s).tar" 
"..\Grasp Draft (2016-07-26 05h39m15s).tar" 
"..\Grasp Draft (2016-07-26 05h46m15s).tar" released to CADMOS for installation on EAC laptop.
"..\Grasp Draft (2016-07-28 00h58m04s).tar" 
"..\Grasp Draft (2016-07-28 00h59m59s).tar" 
"..\Grasp Draft (2016-07-28 01h04m04s).tar" 
"..\Grasp Draft (2016-07-28 01h12m00s).tar" 
"..\Grasp Draft (2016-08-22 14h48m10s).tar" 
"..\Grasp Draft (2016-08-22 14h55m15s).tar" 
"..\Grasp Draft (2016-08-22 14h56m47s).tar" 
"..\Grasp Draft (2016-08-23 17h11m12s).tar" 
"..\Grasp Draft (2016-08-23 17h12m53s).tar" 
"..\Grasp Draft (2016-08-23 17h15m16s).tar" 
"..\Grasp Draft (2016-08-23 17h16m15s).tar" 
"..\Grasp Draft (2016-08-23 17h21m22s).tar" 
"..\Grasp Draft (2016-08-23 17h52m10s).tar" 
"..\Grasp Draft (2016-08-24 10h20m09s).tar" 
"..\Grasp Draft (2016-08-24 12h03m27s).tar" 
"..\Grasp Draft (2016-08-24 12h20m23s).tar" 
"..\Grasp Draft (2016-08-24 12h49m35s).tar" 
"..\Grasp Draft (2016-08-24 13h55m37s).tar" 
"..\Grasp Draft (2016-08-25 11h05m41s).tar" 
"..\Grasp Draft (2016-08-25 11h14m12s).tar" 
"..\Grasp Draft (2016-08-25 12h06m13s).tar" 
"..\Grasp Draft (2016-08-25 18h23m10s).tar" 
"..\Grasp Draft (2016-08-25 18h23m32s).tar" 
"..\Grasp Draft (2016-08-25 18h40m43s).tar" 
"..\Grasp Draft (2016-08-25 18h43m58s).tar" 
"..\Grasp Draft (2016-08-29 19h33m17s).tar" 
"..\Grasp Draft (2016-08-29 19h37m44s).tar" 
"..\Grasp Draft (2016-08-29 19h39m37s).tar" 
"..\Grasp Draft (2016-09-01 10h23m37s).tar" 
"..\Grasp Draft (2016-09-08 15h26m43s).tar" 
"..\Grasp Draft (2016-09-16 10h06m09s).tar" 
"..\Grasp Draft (/19/- 0-Mo 11h19m21s).tar" 
"..\Grasp Draft (2016-09-19 11h21m59s).tar" 
"..\Grasp Draft (2016-09-19 11h24m17s).tar" 
"..\Grasp Draft (2016-09-19 11h27m51s).tar" 
"..\Grasp Draft (2016-09-19 11h28m16s).tar" 
"..\Grasp Draft (2016-09-19 12h25m37s).tar" 
"..\Grasp Draft (2016-09-21 10h57m25s).tar" 
"..\Grasp Draft (2016-09-21 10h57m52s).tar" 
"..\Grasp Draft (2016-09-21 11h55m53s).tar" 
"..\Grasp Draft (2016-09-21 11h56m20s).tar" 
"..\Grasp Draft (2016-09-27 08h52m20s).tar" 
"..\Grasp Draft (2016-09-27 08h52m42s).tar" used at EAC for task training and BDC.
"..\Grasp Draft (2016-09-28 06h08m12s).tar" quick fix to straighen head message for PN.
"..\Grasp Draft (2016-09-28 06h46m47s).tar" gaze direction feedback based on CODA reference.
"..\Grasp Draft (2016-09-28 06h49m44s).tar" 
"..\Grasp Draft (2016-10-02 08h15m15s).tar" 
"..\Grasp Draft (2016-10-02 09h38m06s).tar" 
"..\Grasp Draft (2016-10-03 06h31m26s).tar" 
"..\Grasp Draft (2016-10-03 06h44m50s).tar" 
"..\Grasp Draft (2016-10-03 06h47m17s).tar" 
"..\Grasp Draft (2016-10-03 06h48m34s).tar" release to CADMOS for initial validation.

Updated to Oculus 1.9 on laptop. No incidence on Grasp source code or libraries.

"..\Grasp Draft (2016-10-03 18h25m00s).tar" 
"..\Grasp Draft (2016-10-03 18h26m50s).tar" 
"..\Grasp Draft (2016-10-03 18h55m49s).tar" 
"..\Grasp Draft (2016-10-04 17h26m33s).tar" 
"..\Grasp Draft (2016-10-04 17h32m14s).tar" 
"..\Grasp Draft (2016-10-04 17h33m49s).tar" 
"..\Grasp Draft (2016-10-04 17h35m05s).tar" 
