"..\GripMMI Draft (2017-01-29 01h13m35s).tar" 
"..\GraspMMI Draft (2017-01-29 01h16m03s).tar" 
"..\GraspMMI Draft (2017-01-29 01h21m34s).tar" 
"..\GraspMMI Draft (2017-01-29 01h24m34s).tar" 
"..\GraspMMI Draft (2017-01-29 01h26m25s).tar" 
"..\GraspMMI Draft (2017-01-29 01h28m10s).tar" 
"..\Grasp Draft (2017-01-29 01h29m58s).tar" 
"..\Grasp Draft (2017-02-05 22h33m45s).tar" 
"..\Grasp Draft (2017-02-05 22h34m16s).tar" Update to Michele allowing restart of a block.
"..\Grasp Draft (2017-02-15 19h56m26s).tar" 
"..\GraspMMI Draft (2017-02-15 19h56m47s).tar" 
"..\GripMMI Draft (2017-02-15 19h57m02s).tar" 
"..\GraspMMI Draft (2017-02-21 05h12m41s).tar" 
"..\GraspMMI Release (2017-02-22 07h19m21s).tar" 
"..\GraspMMI Draft (2017-02-22 07h25m39s).tar" 
"..\GraspMMI Draft (2017-02-22 07h28m23s).tar" 
"..\GraspMMI Draft (2017-02-22 07h30m15s).tar" 
"..\GraspMMI Draft (2017-02-22 07h33m56s).tar" 
"..\GraspMMI Draft (2017-02-22 10h15m47s).tar" 
"..\GripMMI Draft (2017-02-23 05h48m59s).tar" 
"..\Grasp Draft (2017-02-23 16h28m13s).tar" 
"..\GraspMMI Draft (2017-02-23 17h48m47s).tar" 
"..\GraspMMI Draft (2017-02-23 17h52m34s).tar" 
"..\GraspMMI Draft (2017-02-23 17h54m05s).tar" 
"..\GraspMMI Draft (2017-02-23 17h57m13s ).tar" 
"..\GraspMMI Draft (2017-02-23 17h58m25s).tar" 
"..\GraspMMI Release (2017-02-23 17h59m32s).tar" 
"..\GripMMI Release (2017-02-23 18h05m41s).tar" 
"..\Grasp Release (2017-02-23 18h07m19s).tar" 
"..\Grasp Release (2017-02-23 18h18m24s).tar" 
"..\GraspMMI Release (2017-02-23 18h18m40s).tar" 
"..\GripMMI Release (2017-02-23 18h19m00s).tar" 
"..\Grasp Release (2017-02-23 21h19m13s).tar" 
"..\Grasp Draft (2017-02-23 21h27m57s).tar" 
"..\GraspMMI Draft (2017-02-23 21h28m10s).tar" 
"..\GripMMI Draft (2017-02-23 21h28m24s).tar" 
"..\GripMMI Draft (2017-02-23 21h28m42s).tar" 
"..\GraspMMI Draft (2017-02-23 21h28m42s).tar" 
"..\Grasp Draft (2017-02-23 21h28m42s).tar" 
"..\GripMMI Release (2017-02-23 21h39m25s).tar" 
"..\GraspMMI Release (2017-02-23 21h39m25s).tar" 
"..\Grasp Release (2017-02-23 21h39m25s).tar" 
"..\GripMMI Release (2017-02-23 21h41m07s).tar" 
"..\GraspMMI Release (2017-02-23 21h41m07s).tar" 
"..\Grasp Release (2017-02-23 21h41m07s).tar" 
"..\GripMMI Release (2017-02-23 21h43m33s).tar" 
"..\GraspMMI Release (2017-02-23 21h43m33s).tar" 
"..\Grasp Release (2017-02-23 21h43m33s).tar" 
"..\GripMMI Release (2017-02-23 21h44m07s).tar" 
"..\GraspMMI Release (2017-02-23 21h44m07s).tar" 
"..\Grasp Release (2017-02-23 21h44m07s).tar" 
"..\GripMMI Release (2017-02-23 21h49m28s).tar" 
"..\GraspMMI Release (2017-02-23 21h49m28s).tar" 
"..\Grasp Release (2017-02-23 21h49m28s).tar" 
"..\GripMMI Release (2017-02-24 23h14m00s).tar" 
"..\Grasp Release (2017-02-24 23h17m35s).tar" 
"..\GripMMI Release (2017-02-24 23h17m35s).tar" 
"..\Grasp Release (2017-02-24 23h19m27s).tar" 
"..\GripMMI Release (2017-02-24 23h19m27s).tar" 
"..\Grasp Release (2017-02-24 23h20m22s).tar" 
"..\GripMMI Release (2017-02-24 23h20m22s).tar" 
"..\Grasp Release (2017-02-24 23h25m28s).tar" 
"..\GripMMI Release (2017-02-24 23h25m28s).tar" 
"..\GripMMI Release (2017-02-26 10h17m00s).tar" 
"..\Grasp Release (2017-02-26 10h17m00s).tar" 
"..\GripMMI Release (2017-02-26 10h18m49s).tar" 
"..\Grasp Release (2017-02-26 10h18m49s).tar" 
"..\GripMMI Release (2017-02-26 10h20m59s).tar" 
"..\Grasp Release (2017-02-26 10h20m59s).tar" 
"..\GripMMI Draft (2017-02-26 16h21m36s).tar" 
"..\GripMMI Draft (2017-02-26 16h22m22s).tar" 
"..\GraspMMI Draft (2017-02-26 16h22m37s).tar" 
"..\Grasp Draft (2017-02-26 16h22m58s).tar" 
"..\GripMMI Draft (2017-02-26 16h31m52s).tar" 
"..\GraspMMI Release (2017-02-26 16h34m26s).tar" 
"..\GripMMI Release (2017-02-26 16h35m19s).tar" 
"..\GripMMI Release (2017-02-26 16h35m19s).tar" 
"..\GripMMI Release (2017-02-26 16h35m19s).tar" 
"..\GripMMI Release (2017-02-26 16h35m19s).tar" 
"..\GripMMI Release (2017-02-26 16h35m19s).tar" 
"..\GripMMI Release (2017-02-26 16h35m19s).tar" 
"..\GripMMI Release (2017-02-26 16h39m22s).tar" 
"..\GripMMI Release (2017-02-26 16h39m45s).tar" 
"..\Grasp Release (2017-02-26 16h43m41s).tar" 
"..\GRASP Release (2017-02-26 16h48m55s).tar" 
