C:\USERS\JOE\DESKTOP\GRASPONISS DEVELOPMENT\GRASPONISS\SOURCE CODE\GRASP\CLWSEMULATOR.EXE
C:\USERS\JOE\DESKTOP\GRASPONISS DEVELOPMENT\GRASPONISS\SOURCE CODE\GRASP\CLWSEMULATOR.ILK
C:\USERS\JOE\DESKTOP\GRASPONISS DEVELOPMENT\GRASPONISS\SOURCE CODE\GRASP\CLWSEMULATOR.PDB
C:\Users\Joe\Desktop\GRASPonISS Development\GripMMI\GripSourceCode\CLWSemulator\Grasp\cl.command.1.tlog
C:\Users\Joe\Desktop\GRASPonISS Development\GripMMI\GripSourceCode\CLWSemulator\Grasp\CL.read.1.tlog
C:\Users\Joe\Desktop\GRASPonISS Development\GripMMI\GripSourceCode\CLWSemulator\Grasp\CL.write.1.tlog
C:\USERS\JOE\DESKTOP\GRASPONISS DEVELOPMENT\GRIPMMI\GRIPSOURCECODE\CLWSEMULATOR\GRASP\CLWSEMULATOR.EXE.EMBED.MANIFEST
C:\USERS\JOE\DESKTOP\GRASPONISS DEVELOPMENT\GRIPMMI\GRIPSOURCECODE\CLWSEMULATOR\GRASP\CLWSEMULATOR.EXE.EMBED.MANIFEST.RES
C:\USERS\JOE\DESKTOP\GRASPONISS DEVELOPMENT\GRIPMMI\GRIPSOURCECODE\CLWSEMULATOR\GRASP\CLWSEMULATOR.EXE.INTERMEDIATE.MANIFEST
C:\USERS\JOE\DESKTOP\GRASPONISS DEVELOPMENT\GRIPMMI\GRIPSOURCECODE\CLWSEMULATOR\GRASP\CLWSEMULATOR.OBJ
C:\USERS\JOE\DESKTOP\GRASPONISS DEVELOPMENT\GRIPMMI\GRIPSOURCECODE\CLWSEMULATOR\GRASP\CLWSEMULATOR.PCH
C:\Users\Joe\Desktop\GRASPonISS Development\GripMMI\GripSourceCode\CLWSemulator\Grasp\CLWSemulator.vcxprojResolveAssemblyReference.cache
C:\Users\Joe\Desktop\GRASPonISS Development\GripMMI\GripSourceCode\CLWSemulator\Grasp\CLWSemulator.write.1.tlog
C:\Users\Joe\Desktop\GRASPonISS Development\GripMMI\GripSourceCode\CLWSemulator\Grasp\CLWSemulator_manifest.rc
C:\Users\Joe\Desktop\GRASPonISS Development\GripMMI\GripSourceCode\CLWSemulator\Grasp\link.6140.read.1.tlog
C:\Users\Joe\Desktop\GRASPonISS Development\GripMMI\GripSourceCode\CLWSemulator\Grasp\link.6140.write.1.tlog
C:\Users\Joe\Desktop\GRASPonISS Development\GripMMI\GripSourceCode\CLWSemulator\Grasp\link.6140-cvtres.read.1.tlog
C:\Users\Joe\Desktop\GRASPonISS Development\GripMMI\GripSourceCode\CLWSemulator\Grasp\link.6140-cvtres.write.1.tlog
C:\Users\Joe\Desktop\GRASPonISS Development\GripMMI\GripSourceCode\CLWSemulator\Grasp\link.6300.read.1.tlog
C:\Users\Joe\Desktop\GRASPonISS Development\GripMMI\GripSourceCode\CLWSemulator\Grasp\link.6300.write.1.tlog
C:\Users\Joe\Desktop\GRASPonISS Development\GripMMI\GripSourceCode\CLWSemulator\Grasp\link.6300-cvtres.read.1.tlog
C:\Users\Joe\Desktop\GRASPonISS Development\GripMMI\GripSourceCode\CLWSemulator\Grasp\link.6300-cvtres.write.1.tlog
C:\Users\Joe\Desktop\GRASPonISS Development\GripMMI\GripSourceCode\CLWSemulator\Grasp\link.command.1.tlog
C:\Users\Joe\Desktop\GRASPonISS Development\GripMMI\GripSourceCode\CLWSemulator\Grasp\link.read.1.tlog
C:\Users\Joe\Desktop\GRASPonISS Development\GripMMI\GripSourceCode\CLWSemulator\Grasp\link.write.1.tlog
C:\Users\Joe\Desktop\GRASPonISS Development\GripMMI\GripSourceCode\CLWSemulator\Grasp\link-cvtres.read.1.tlog
C:\Users\Joe\Desktop\GRASPonISS Development\GripMMI\GripSourceCode\CLWSemulator\Grasp\link-cvtres.write.1.tlog
C:\Users\Joe\Desktop\GRASPonISS Development\GripMMI\GripSourceCode\CLWSemulator\Grasp\mt.command.1.tlog
C:\Users\Joe\Desktop\GRASPonISS Development\GripMMI\GripSourceCode\CLWSemulator\Grasp\mt.read.1.tlog
C:\Users\Joe\Desktop\GRASPonISS Development\GripMMI\GripSourceCode\CLWSemulator\Grasp\mt.write.1.tlog
C:\Users\Joe\Desktop\GRASPonISS Development\GripMMI\GripSourceCode\CLWSemulator\Grasp\rc.command.1.tlog
C:\Users\Joe\Desktop\GRASPonISS Development\GripMMI\GripSourceCode\CLWSemulator\Grasp\rc.read.1.tlog
C:\Users\Joe\Desktop\GRASPonISS Development\GripMMI\GripSourceCode\CLWSemulator\Grasp\rc.write.1.tlog
C:\USERS\JOE\DESKTOP\GRASPONISS DEVELOPMENT\GRIPMMI\GRIPSOURCECODE\CLWSEMULATOR\GRASP\STDAFX.OBJ
C:\Users\Joe\Desktop\GRASPonISS Development\GripMMI\GripSourceCode\CLWSemulator\Grasp\vc100.idb
C:\USERS\JOE\DESKTOP\GRASPONISS DEVELOPMENT\GRIPMMI\GRIPSOURCECODE\CLWSEMULATOR\GRASP\VC100.PDB
