  	ReleaseGrasp.bat Draft
  
  F:\GripGrasp Development\GripGraspISS\Source Code\ReleaseGrasp>setlocal
  
  F:\GripGrasp Development\GripGraspISS\Source Code\ReleaseGrasp>REM  
  
  F:\GripGrasp Development\GripGraspISS\Source Code\ReleaseGrasp>REM ReleaseGrasp.bat 
  
  F:\GripGrasp Development\GripGraspISS\Source Code\ReleaseGrasp>REM
  
  F:\GripGrasp Development\GripGraspISS\Source Code\ReleaseGrasp>REM A batch file that creates a tar archive with the GRASPonISS runtime installation. 
  
  F:\GripGrasp Development\GripGraspISS\Source Code\ReleaseGrasp>REM Create a file tag based on the compiled build date and time. 
  
  F:\GripGrasp Development\GripGraspISS\Source Code\ReleaseGrasp>REM The batch file  C:\Users\Joe\AppData\Local\Temp\SetCommonTimestamp.bat was created by the CommonTimestamp project. 
  
  F:\GripGrasp Development\GripGraspISS\Source Code\ReleaseGrasp>REM We call it here to get the timestamp info that was compiled into the executables. 
  
  F:\GripGrasp Development\GripGraspISS\Source Code\ReleaseGrasp>call C:\Users\Joe\AppData\Local\Temp\SetCommonTimestamp.bat 
  
  F:\GripGrasp Development\GripGraspISS\Source Code\ReleaseGrasp>set __COMMONTIMESTAMP__=2017-10-16 06h54m58s 
  
  F:\GripGrasp Development\GripGraspISS\Source Code\ReleaseGrasp>set TAG=(2017-10-16 06h54m58s) 
  
  F:\GripGrasp Development\GripGraspISS\Source Code\ReleaseGrasp>set ARCHIVE="..\GRASP Runtime Draft (2017-10-16 06h54m58s).tar" 
  
  F:\GripGrasp Development\GripGraspISS\Source Code\ReleaseGrasp>echo Creating Grasp Runtime Release "..\GRASP Runtime Draft (2017-10-16 06h54m58s).tar" 
  Creating Grasp Runtime Release "..\GRASP Runtime Draft (2017-10-16 06h54m58s).tar"
  
  F:\GripGrasp Development\GripGraspISS\Source Code\ReleaseGrasp>set TAR=Utils\tar.exe 
  
  F:\GripGrasp Development\GripGraspISS\Source Code\ReleaseGrasp>set VERBOSE= 
  
  F:\GripGrasp Development\GripGraspISS\Source Code\ReleaseGrasp>REM This gets executed inside the Visual Studio project directory. We move to the GRASPonISS root directoy. 
  
  F:\GripGrasp Development\GripGraspISS\Source Code\ReleaseGrasp>pushd ..\.. 
  
  F:\GripGrasp Development\GripGraspISS>Utils\tar.exe --create  --file="..\GRASP Runtime Draft (2017-10-16 06h54m58s).tar" RunGRASP.bat 
  
  F:\GripGrasp Development\GripGraspISS>if NOT Draft == Training goto :NOTTRAINING 
  
  F:\GripGrasp Development\GripGraspISS>if Draft == Flight goto :FLIGHT 
  
  F:\GripGrasp Development\GripGraspISS>if Draft == Draft goto :FLIGHT 
  
  F:\GripGrasp Development\GripGraspISS>REM Configure for FM2 Codas and FM Marker Structures 
  
  F:\GripGrasp Development\GripGraspISS>copy /Y InitFiles\CodaRTnet.ini.FM2 CodaRTnet.ini  
          1 file(s) copied.
  
  F:\GripGrasp Development\GripGraspISS>Utils\tar.exe --append  --file="..\GRASP Runtime Draft (2017-10-16 06h54m58s).tar" CodaRTnet.ini 
  
  F:\GripGrasp Development\GripGraspISS>copy /Y Bdy\FM\*.bdy Bdy 
  Bdy\FM\Chest.bdy
  Bdy\FM\ChestTilted.bdy
  Bdy\FM\Hand.bdy
  Bdy\FM\HMD.bdy
  Bdy\FM\measuredChest.bdy
  Bdy\FM\measuredHand.bdy
  Bdy\FM\measuredHMD.bdy
          7 file(s) copied.
  
  F:\GripGrasp Development\GripGraspISS>goto :COMMON 
  
  F:\GripGrasp Development\GripGraspISS>Utils\tar.exe --append  --file="..\GRASP Runtime Draft (2017-10-16 06h54m58s).tar" Bdy/* 
  
  F:\GripGrasp Development\GripGraspISS>Utils\tar.exe --append  --file="..\GRASP Runtime Draft (2017-10-16 06h54m58s).tar" Bmp/* 
  
  F:\GripGrasp Development\GripGraspISS>Utils\tar.exe --append  --file="..\GRASP Runtime Draft (2017-10-16 06h54m58s).tar" Executables/* 
  
  F:\GripGrasp Development\GripGraspISS>Utils\tar.exe --append  --file="..\GRASP Runtime Draft (2017-10-16 06h54m58s).tar" Utils/* 
  
  F:\GripGrasp Development\GripGraspISS>Utils\tar.exe --append  --file="..\GRASP Runtime Draft (2017-10-16 06h54m58s).tar" Instructions/* 
  
  F:\GripGrasp Development\GripGraspISS>Utils\tar.exe --append  --file="..\GRASP Runtime Draft (2017-10-16 06h54m58s).tar" Scripts/* 
  
  F:\GripGrasp Development\GripGraspISS>Utils\tar.exe --append  --file="..\GRASP Runtime Draft (2017-10-16 06h54m58s).tar" Sequences/* 
  
  F:\GripGrasp Development\GripGraspISS>Utils\tar.exe --append  --file="..\GRASP Runtime Draft (2017-10-16 06h54m58s).tar" InitFiles/* 
  
  F:\GripGrasp Development\GripGraspISS>Utils\tar.exe --append  --file="..\GRASP Runtime Draft (2017-10-16 06h54m58s).tar" Documentation/* 
  
  F:\GripGrasp Development\GripGraspISS>Utils\tar.exe --append  --file="..\GRASP Runtime Draft (2017-10-16 06h54m58s).tar" Grasp.ini 
  
  F:\GripGrasp Development\GripGraspISS>REM Keep a record of releases. 
  
  F:\GripGrasp Development\GripGraspISS>echo "..\GRASP Runtime Draft (2017-10-16 06h54m58s).tar"  1>>GripGraspReleases.log 
  
  F:\GripGrasp Development\GripGraspISS>echo "..\GRASP Runtime Draft (2017-10-16 06h54m58s).tar"  1>>GraspReleases.log 
