Build started 06/02/2019 10:35:25.
Project "D:\Users\E14001\Documents\GitHub\GripGraspISS\Source Code\ReleaseGraspMMI\ReleaseGraspMMI.vcxproj" on node 2 (clean target(s)).
Building with tools version "4.0".
Target "_CheckForInvalidConfigurationAndPlatform" in file "C:\Windows\Microsoft.NET\Framework\v4.0.30319\Microsoft.Common.Targets" from project "D:\Users\E14001\Documents\GitHub\GripGraspISS\Source Code\ReleaseGraspMMI\ReleaseGraspMMI.vcxproj" (entry point):
Task "Error" skipped, due to false condition; ( '$(_InvalidConfigurationError)' == 'true' ) was evaluated as ( '' == 'true' ).
Task "Warning" skipped, due to false condition; ( '$(_InvalidConfigurationWarning)' == 'true' ) was evaluated as ( '' == 'true' ).
Task "Message"
  Configuration=Draft
Done executing task "Message".
Task "Message"
  Platform=Win32
Done executing task "Message".
Task "Error" skipped, due to false condition; ('$(OutDir)' != '' and !HasTrailingSlash('$(OutDir)')) was evaluated as ('D:\Users\E14001\Documents\GitHub\GripGraspISS\Source Code\Draft\' != '' and !HasTrailingSlash('D:\Users\E14001\Documents\GitHub\GripGraspISS\Source Code\Draft\')).
Task "Error" skipped, due to false condition; ('$(BaseIntermediateOutputPath)' != '' and !HasTrailingSlash('$(BaseIntermediateOutputPath)')) was evaluated as ('obj\' != '' and !HasTrailingSlash('obj\')).
Task "Error" skipped, due to false condition; ('$(IntermediateOutputPath)' != '' and !HasTrailingSlash('$(IntermediateOutputPath)')) was evaluated as ('obj\Win32\Draft\' != '' and !HasTrailingSlash('obj\Win32\Draft\')).
Done building target "_CheckForInvalidConfigurationAndPlatform" in project "ReleaseGraspMMI.vcxproj".
Target "BeforeClean" in file "C:\Windows\Microsoft.NET\Framework\v4.0.30319\Microsoft.Common.Targets" from project "D:\Users\E14001\Documents\GitHub\GripGraspISS\Source Code\ReleaseGraspMMI\ReleaseGraspMMI.vcxproj" (target "Clean" depends on it):
Done building target "BeforeClean" in project "ReleaseGraspMMI.vcxproj".
Target "UnmanagedUnregistration" skipped, due to false condition; ((('$(_AssemblyTimestampBeforeCompile)' != '$(_AssemblyTimestampAfterCompile)' or '$(RegisterForComInterop)' != 'true' or '$(OutputType)' != 'library') or
                    ('$(_AssemblyTimestampBeforeCompile)' == '')) and
                   Exists('@(_UnmanagedRegistrationCache)')) was evaluated as ((('' != '' or '' != 'true' or 'exe' != 'library') or
                    ('' == '')) and
                   Exists('obj\ReleaseGraspMMI.vcxproj.UnmanagedRegistration.cache')).
Target "CoreClean" in file "C:\Program Files (x86)\MSBuild\Microsoft.Cpp\v4.0\Microsoft.MakeFile.Targets" from project "D:\Users\E14001\Documents\GitHub\GripGraspISS\Source Code\ReleaseGraspMMI\ReleaseGraspMMI.vcxproj" (target "Clean" depends on it):
Task "VCMessage" skipped, due to false condition; ('$(NMakeCleanCommandLine)'=='') was evaluated as ('@echo No need to clean.'=='').
Using "Exec" task from assembly "Microsoft.Build.Tasks.v4.0, Version=4.0.0.0, Culture=neutral, PublicKeyToken=b03f5f7f11d50a3a".
Task "Exec"
  @echo No need to clean.
  No need to clean.
Done executing task "Exec".
Done building target "CoreClean" in project "ReleaseGraspMMI.vcxproj".
Target "AssignProjectConfiguration" in file "C:\Windows\Microsoft.NET\Framework\v4.0.30319\Microsoft.Common.Targets" from project "D:\Users\E14001\Documents\GitHub\GripGraspISS\Source Code\ReleaseGraspMMI\ReleaseGraspMMI.vcxproj" (target "CleanReferencedProjects" depends on it):
Task "AssignProjectConfiguration"
  Project reference "..\UpdateRuntimeForGraspMMI\UpdateRuntimeForGraspMMI.vcxproj" has been assigned the "Release|Win32" configuration.
Done executing task "AssignProjectConfiguration".
Done building target "AssignProjectConfiguration" in project "ReleaseGraspMMI.vcxproj".
Target "_SplitProjectReferencesByFileExistence" in file "C:\Windows\Microsoft.NET\Framework\v4.0.30319\Microsoft.Common.Targets" from project "D:\Users\E14001\Documents\GitHub\GripGraspISS\Source Code\ReleaseGraspMMI\ReleaseGraspMMI.vcxproj" (target "CleanReferencedProjects" depends on it):
Task "ResolveNonMSBuildProjectOutput"
  Resolving project reference "..\UpdateRuntimeForGraspMMI\UpdateRuntimeForGraspMMI.vcxproj".
  Project reference "..\UpdateRuntimeForGraspMMI\UpdateRuntimeForGraspMMI.vcxproj" has not been resolved.
Done executing task "ResolveNonMSBuildProjectOutput".
Done building target "_SplitProjectReferencesByFileExistence" in project "ReleaseGraspMMI.vcxproj".
Target "CleanReferencedProjects" in file "C:\Windows\Microsoft.NET\Framework\v4.0.30319\Microsoft.Common.Targets" from project "D:\Users\E14001\Documents\GitHub\GripGraspISS\Source Code\ReleaseGraspMMI\ReleaseGraspMMI.vcxproj" (target "Clean" depends on it):
Task "MSBuild" skipped, due to false condition; ('$(BuildingInsideVisualStudio)' != 'true' and '$(BuildProjectReferences)' == 'true' and '@(_MSBuildProjectReferenceExistent)' != '') was evaluated as ('true' != 'true' and 'true' == 'true' and '..\UpdateRuntimeForGraspMMI\UpdateRuntimeForGraspMMI.vcxproj' != '').
Done building target "CleanReferencedProjects" in project "ReleaseGraspMMI.vcxproj".
Target "CleanPublishFolder" in file "C:\Windows\Microsoft.NET\Framework\v4.0.30319\Microsoft.Common.Targets" from project "D:\Users\E14001\Documents\GitHub\GripGraspISS\Source Code\ReleaseGraspMMI\ReleaseGraspMMI.vcxproj" (target "Clean" depends on it):
Task "RemoveDir" skipped, due to false condition; ('$(PublishDir)'=='$(OutputPath)app.publish\' and Exists('$(PublishDir)')) was evaluated as ('D:\Users\E14001\Documents\GitHub\GripGraspISS\Source Code\Draft\app.publish\'=='D:\Users\E14001\Documents\GitHub\GripGraspISS\Source Code\Draft\app.publish\' and Exists('D:\Users\E14001\Documents\GitHub\GripGraspISS\Source Code\Draft\app.publish\')).
Done building target "CleanPublishFolder" in project "ReleaseGraspMMI.vcxproj".
Target "AfterClean" in file "C:\Windows\Microsoft.NET\Framework\v4.0.30319\Microsoft.Common.Targets" from project "D:\Users\E14001\Documents\GitHub\GripGraspISS\Source Code\ReleaseGraspMMI\ReleaseGraspMMI.vcxproj" (target "Clean" depends on it):
Done building target "AfterClean" in project "ReleaseGraspMMI.vcxproj".
Target "EntityClean" skipped, due to false condition; ('@(EntityDeploy)' != '') was evaluated as ('' != '').
Target "BeforeCppClean" in file "C:\Program Files (x86)\MSBuild\Microsoft.Cpp\v4.0\Microsoft.CppClean.targets" from project "D:\Users\E14001\Documents\GitHub\GripGraspISS\Source Code\ReleaseGraspMMI\ReleaseGraspMMI.vcxproj" (target "CppClean" depends on it):
Done building target "BeforeCppClean" in project "ReleaseGraspMMI.vcxproj".
Target "CoreCppClean" in file "C:\Program Files (x86)\MSBuild\Microsoft.Cpp\v4.0\Microsoft.CppClean.targets" from project "D:\Users\E14001\Documents\GitHub\GripGraspISS\Source Code\ReleaseGraspMMI\ReleaseGraspMMI.vcxproj" (target "CppClean" depends on it):
Task "MakeDir"
Done executing task "MakeDir".
Using "CppClean" task from assembly "Microsoft.Build.CppTasks.Common, Version=4.0.0.0, Culture=neutral, PublicKeyToken=b03f5f7f11d50a3a".
Task "CppClean"
Done executing task "CppClean".
Task "WriteLinesToFile"
Done executing task "WriteLinesToFile".
Done building target "CoreCppClean" in project "ReleaseGraspMMI.vcxproj".
Target "AfterCppClean" in file "C:\Program Files (x86)\MSBuild\Microsoft.Cpp\v4.0\Microsoft.CppClean.targets" from project "D:\Users\E14001\Documents\GitHub\GripGraspISS\Source Code\ReleaseGraspMMI\ReleaseGraspMMI.vcxproj" (target "CppClean" depends on it):
Done building target "AfterCppClean" in project "ReleaseGraspMMI.vcxproj".
Target "PGInstrumentedClean" in file "C:\Program Files (x86)\MSBuild\Microsoft.Cpp\v4.0\Microsoft.CppClean.targets" from project "D:\Users\E14001\Documents\GitHub\GripGraspISS\Source Code\ReleaseGraspMMI\ReleaseGraspMMI.vcxproj" (target "CppClean" depends on it):
Task "Delete"
Done executing task "Delete".
Done building target "PGInstrumentedClean" in project "ReleaseGraspMMI.vcxproj".
Target "CppClean" in file "C:\Program Files (x86)\MSBuild\Microsoft.Cpp\v4.0\Microsoft.CppClean.targets" from project "D:\Users\E14001\Documents\GitHub\GripGraspISS\Source Code\ReleaseGraspMMI\ReleaseGraspMMI.vcxproj" (target "Clean" depends on it):
Done building target "CppClean" in project "ReleaseGraspMMI.vcxproj".
Target "Clean" in file "C:\Windows\Microsoft.NET\Framework\v4.0.30319\Microsoft.Common.Targets" from project "D:\Users\E14001\Documents\GitHub\GripGraspISS\Source Code\ReleaseGraspMMI\ReleaseGraspMMI.vcxproj" (entry point):
Done building target "Clean" in project "ReleaseGraspMMI.vcxproj".
Done Building Project "D:\Users\E14001\Documents\GitHub\GripGraspISS\Source Code\ReleaseGraspMMI\ReleaseGraspMMI.vcxproj" (clean target(s)).

Build succeeded.

Time Elapsed 00:00:00.09
