C:\USERS\JOE\DESKTOP\GRASPONISS DEVELOPMENT\GRASPONISS\SOURCE CODE\GRASP\DEXGROUNDMONITORCLIENT.EXE
C:\USERS\JOE\DESKTOP\GRASPONISS DEVELOPMENT\GRASPONISS\SOURCE CODE\GRASP\DEXGROUNDMONITORCLIENT.ILK
C:\USERS\JOE\DESKTOP\GRASPONISS DEVELOPMENT\GRASPONISS\SOURCE CODE\GRASP\DEXGROUNDMONITORCLIENT.PDB
C:\USERS\JOE\DESKTOP\GRASPONISS DEVELOPMENT\GRASPONISS\SOURCE CODE\GRASP\GRIPGROUNDMONITORCLIENT.EXE
C:\USERS\JOE\DESKTOP\GRASPONISS DEVELOPMENT\GRASPONISS\SOURCE CODE\GRASP\GRIPGROUNDMONITORCLIENT.ILK
C:\USERS\JOE\DESKTOP\GRASPONISS DEVELOPMENT\GRASPONISS\SOURCE CODE\GRASP\GRIPGROUNDMONITORCLIENT.PDB
C:\Users\Joe\Desktop\GRASPonISS development\GripMMI\GripSourceCode\GripGroundMonitorClient\Grasp\cl.command.1.tlog
C:\Users\Joe\Desktop\GRASPonISS development\GripMMI\GripSourceCode\GripGroundMonitorClient\Grasp\CL.read.1.tlog
C:\Users\Joe\Desktop\GRASPonISS development\GripMMI\GripSourceCode\GripGroundMonitorClient\Grasp\CL.write.1.tlog
C:\USERS\JOE\DESKTOP\GRASPONISS DEVELOPMENT\GRIPMMI\GRIPSOURCECODE\GRIPGROUNDMONITORCLIENT\GRASP\DEXGROUNDMONITORCLIENT.EXE.EMBED.MANIFEST
C:\USERS\JOE\DESKTOP\GRASPONISS DEVELOPMENT\GRIPMMI\GRIPSOURCECODE\GRIPGROUNDMONITORCLIENT\GRASP\DEXGROUNDMONITORCLIENT.EXE.EMBED.MANIFEST.RES
C:\USERS\JOE\DESKTOP\GRASPONISS DEVELOPMENT\GRIPMMI\GRIPSOURCECODE\GRIPGROUNDMONITORCLIENT\GRASP\DEXGROUNDMONITORCLIENT.EXE.INTERMEDIATE.MANIFEST
C:\USERS\JOE\DESKTOP\GRASPONISS DEVELOPMENT\GRIPMMI\GRIPSOURCECODE\GRIPGROUNDMONITORCLIENT\GRASP\DEXGROUNDMONITORCLIENT.PCH
C:\Users\Joe\Desktop\GRASPonISS development\GripMMI\GripSourceCode\GripGroundMonitorClient\Grasp\DexGroundMonitorClient.write.1.tlog
C:\Users\Joe\Desktop\GRASPonISS development\GripMMI\GripSourceCode\GripGroundMonitorClient\Grasp\DexGroundMonitorClient_manifest.rc
C:\USERS\JOE\DESKTOP\GRASPONISS DEVELOPMENT\GRIPMMI\GRIPSOURCECODE\GRIPGROUNDMONITORCLIENT\GRASP\GRIPGROUNDMONITORCLIENT.EXE.EMBED.MANIFEST
C:\USERS\JOE\DESKTOP\GRASPONISS DEVELOPMENT\GRIPMMI\GRIPSOURCECODE\GRIPGROUNDMONITORCLIENT\GRASP\GRIPGROUNDMONITORCLIENT.EXE.EMBED.MANIFEST.RES
C:\USERS\JOE\DESKTOP\GRASPONISS DEVELOPMENT\GRIPMMI\GRIPSOURCECODE\GRIPGROUNDMONITORCLIENT\GRASP\GRIPGROUNDMONITORCLIENT.EXE.INTERMEDIATE.MANIFEST
C:\USERS\JOE\DESKTOP\GRASPONISS DEVELOPMENT\GRIPMMI\GRIPSOURCECODE\GRIPGROUNDMONITORCLIENT\GRASP\GRIPGROUNDMONITORCLIENT.OBJ
C:\USERS\JOE\DESKTOP\GRASPONISS DEVELOPMENT\GRIPMMI\GRIPSOURCECODE\GRIPGROUNDMONITORCLIENT\GRASP\GRIPGROUNDMONITORCLIENT.PCH
C:\Users\Joe\Desktop\GRASPonISS development\GripMMI\GripSourceCode\GripGroundMonitorClient\Grasp\GripGroundMonitorClient.write.1.tlog
C:\Users\Joe\Desktop\GRASPonISS development\GripMMI\GripSourceCode\GripGroundMonitorClient\Grasp\GripGroundMonitorClient_manifest.rc
C:\Users\Joe\Desktop\GRASPonISS development\GripMMI\GripSourceCode\GripGroundMonitorClient\Grasp\link.5644.read.1.tlog
C:\Users\Joe\Desktop\GRASPonISS development\GripMMI\GripSourceCode\GripGroundMonitorClient\Grasp\link.5644.write.1.tlog
C:\Users\Joe\Desktop\GRASPonISS development\GripMMI\GripSourceCode\GripGroundMonitorClient\Grasp\link.5644-cvtres.read.1.tlog
C:\Users\Joe\Desktop\GRASPonISS development\GripMMI\GripSourceCode\GripGroundMonitorClient\Grasp\link.5644-cvtres.write.1.tlog
C:\Users\Joe\Desktop\GRASPonISS development\GripMMI\GripSourceCode\GripGroundMonitorClient\Grasp\link.5652.read.1.tlog
C:\Users\Joe\Desktop\GRASPonISS development\GripMMI\GripSourceCode\GripGroundMonitorClient\Grasp\link.5652.write.1.tlog
C:\Users\Joe\Desktop\GRASPonISS development\GripMMI\GripSourceCode\GripGroundMonitorClient\Grasp\link.5652-cvtres.read.1.tlog
C:\Users\Joe\Desktop\GRASPonISS development\GripMMI\GripSourceCode\GripGroundMonitorClient\Grasp\link.5652-cvtres.write.1.tlog
C:\Users\Joe\Desktop\GRASPonISS development\GripMMI\GripSourceCode\GripGroundMonitorClient\Grasp\link.command.1.tlog
C:\Users\Joe\Desktop\GRASPonISS development\GripMMI\GripSourceCode\GripGroundMonitorClient\Grasp\link.read.1.tlog
C:\Users\Joe\Desktop\GRASPonISS development\GripMMI\GripSourceCode\GripGroundMonitorClient\Grasp\link.write.1.tlog
C:\Users\Joe\Desktop\GRASPonISS development\GripMMI\GripSourceCode\GripGroundMonitorClient\Grasp\link-cvtres.read.1.tlog
C:\Users\Joe\Desktop\GRASPonISS development\GripMMI\GripSourceCode\GripGroundMonitorClient\Grasp\link-cvtres.write.1.tlog
C:\Users\Joe\Desktop\GRASPonISS development\GripMMI\GripSourceCode\GripGroundMonitorClient\Grasp\mt.command.1.tlog
C:\Users\Joe\Desktop\GRASPonISS development\GripMMI\GripSourceCode\GripGroundMonitorClient\Grasp\mt.read.1.tlog
C:\Users\Joe\Desktop\GRASPonISS development\GripMMI\GripSourceCode\GripGroundMonitorClient\Grasp\mt.write.1.tlog
C:\Users\Joe\Desktop\GRASPonISS development\GripMMI\GripSourceCode\GripGroundMonitorClient\Grasp\rc.command.1.tlog
C:\Users\Joe\Desktop\GRASPonISS development\GripMMI\GripSourceCode\GripGroundMonitorClient\Grasp\rc.read.1.tlog
C:\Users\Joe\Desktop\GRASPonISS development\GripMMI\GripSourceCode\GripGroundMonitorClient\Grasp\rc.write.1.tlog
C:\USERS\JOE\DESKTOP\GRASPONISS DEVELOPMENT\GRIPMMI\GRIPSOURCECODE\GRIPGROUNDMONITORCLIENT\GRASP\STDAFX.OBJ
C:\Users\Joe\Desktop\GRASPonISS development\GripMMI\GripSourceCode\GripGroundMonitorClient\Grasp\vc100.idb
C:\USERS\JOE\DESKTOP\GRASPONISS DEVELOPMENT\GRIPMMI\GRIPSOURCECODE\GRIPGROUNDMONITORCLIENT\GRASP\VC100.PDB
